[debug] [2021-07-10T01:12:54.576Z] ----------------------------------------------------------------------
[debug] [2021-07-10T01:12:54.579Z] Command:       C:\Program Files\nodejs\node.exe C:\Users\User-PC\AppData\Roaming\npm\node_modules\firebase-tools\lib\bin\firebase.js init
[debug] [2021-07-10T01:12:54.579Z] CLI Version:   9.12.1
[debug] [2021-07-10T01:12:54.579Z] Platform:      win32
[debug] [2021-07-10T01:12:54.579Z] Node Version:  v12.18.3
[debug] [2021-07-10T01:12:54.581Z] Time:          Sat Jul 10 2021 09:12:54 GMT+0800 (Singapore Standard Time)
[debug] [2021-07-10T01:12:54.581Z] ----------------------------------------------------------------------
[debug] 
[debug] [2021-07-10T01:12:54.590Z] > command requires scopes: ["email","openid","https://www.googleapis.com/auth/cloudplatformprojects.readonly","https://www.googleapis.com/auth/firebase","https://www.googleapis.com/auth/cloud-platform"]
[debug] [2021-07-10T01:12:54.590Z] > authorizing via signed-in user (molonjohnnico@gmail.com)
[info] 
     ######## #### ########  ######## ########     ###     ######  ########
     ##        ##  ##     ## ##       ##     ##  ##   ##  ##       ##
     ######    ##  ########  ######   ########  #########  ######  ######
     ##        ##  ##    ##  ##       ##     ## ##     ##       ## ##
     ##       #### ##     ## ######## ########  ##     ##  ######  ########

You're about to initialize a Firebase project in this directory:

  D:\workspace\React\slack-clone

[info] 
=== Project Setup
[info] 
[info] First, let's associate this project directory with a Firebase project.
[info] You can create multiple project aliases by running firebase use --add, 
[info] but for now we'll just set up a default project.
[info] 
[debug] [2021-07-10T01:13:02.464Z] >>> [apiv2][query] GET https://firebase.googleapis.com/v1beta1/projects pageSize=100
[debug] [2021-07-10T01:13:23.594Z] Failed to make request to https://firebase.googleapis.com/v1beta1/projects?pageSize=100
[debug] [2021-07-10T01:13:44.665Z] FirebaseError: Failed to make request to https://firebase.googleapis.com/v1beta1/projects?pageSize=100
    at Client.doRequest (C:\Users\User-PC\AppData\Roaming\npm\node_modules\firebase-tools\lib\apiv2.js:211:19)
    at processTicksAndRejections (internal/process/task_queues.js:97:5)
[error] 
[error] Error: Failed to list Firebase projects. See firebase-debug.log for more info.
